<?xml version="1.0" encoding="UTF-8"?>
<!-- Generated by org.testng.reporters.JUnitXMLReporter -->
<testsuite ignored="0" hostname="Prashanthi" failures="2" tests="7" name="Test" time="65.195" errors="0" timestamp="2024-04-06T15:16:46 EDT">
  <testcase classname="testCases.TC_001_AccountRegistrationTest" name="verify_account_registration" time="4.225"/>
  <testcase classname="testCases.TC_002_LoginTest" name="verify_login" time="1.422"/>
  <testcase classname="testCases.TC_003_LoginDDT" name="verify_loginDDT" time="11.068">
    <failure type="java.lang.AssertionError" message="expected [true] but found [false]">
      <![CDATA[java.lang.AssertionError: expected [true] but found [false]
at testCases.TC_003_LoginDDT.verify_loginDDT(TC_003_LoginDDT.java:54)
at java.base/java.util.ArrayList.forEach(ArrayList.java:1511)
... Removed 31 stack frames]]>
    </failure>
  </testcase> <!-- verify_loginDDT -->
  <testcase classname="testCases.TC_003_LoginDDT" name="verify_loginDDT" time="10.845"/>
  <testcase classname="testCases.TC_003_LoginDDT" name="verify_loginDDT" time="10.986"/>
  <testcase classname="testCases.TC_003_LoginDDT" name="verify_loginDDT" time="10.909"/>
  <testcase classname="testCases.TC_003_LoginDDT" name="verify_loginDDT" time="6.51">
    <failure type="java.lang.AssertionError" message="expected [true] but found [false]">
      <![CDATA[java.lang.AssertionError: expected [true] but found [false]
at testCases.TC_003_LoginDDT.verify_loginDDT(TC_003_LoginDDT.java:54)
at java.base/java.util.ArrayList.forEach(ArrayList.java:1511)
... Removed 31 stack frames]]>
    </failure>
  </testcase> <!-- verify_loginDDT -->
</testsuite> <!-- Test -->
